生成启动时间为 2020/1/12 10:10:22。
     1>项目“D:\2019200835Z1004_zhangzhixin\作业2\MultiServerFile\fileClient\fileClient.vcxproj”在节点 3 上(Build 个目标)。
       项目文件包含 ToolsVersion="15.0" 设置，但此工具集未知或缺失。您可以通过为此工具集安装相应的 .NET Framework 来解决此问题。将项目视为具有 ToolsVersion="4.0" 设置。
     1>ClCompile:
         D:\Program Files (x86)\vscode2012\VC\bin\x86_amd64\CL.exe /c /Zi /nologo /W3 /WX- /Od /D _DEBUG /D _CONSOLE /D _UNICODE /D UNICODE /Gm /EHsc /RTC1 /MDd /GS /fp:precise /Zc:wchar_t /Zc:forScope /Fo"x64\Debug\\" /Fd"x64\Debug\vc110.pdb" /Gd /TP /errorReport:prompt fileClient.cpp
         fileClient.cpp
     1>fileClient.cpp(29): warning C4996: '_itoa': This function or variable may be unsafe. Consider using _itoa_s instead. To disable deprecation, use _CRT_SECURE_NO_WARNINGS. See online help for details.
                 D:\Program Files (x86)\vscode2012\VC\include\stdlib.h(468) : 参见“_itoa”的声明
     1>fileClient.cpp(34): warning C4996: '_itoa': This function or variable may be unsafe. Consider using _itoa_s instead. To disable deprecation, use _CRT_SECURE_NO_WARNINGS. See online help for details.
                 D:\Program Files (x86)\vscode2012\VC\include\stdlib.h(468) : 参见“_itoa”的声明
     1>fileClient.cpp(53): warning C4996: '_itoa': This function or variable may be unsafe. Consider using _itoa_s instead. To disable deprecation, use _CRT_SECURE_NO_WARNINGS. See online help for details.
                 D:\Program Files (x86)\vscode2012\VC\include\stdlib.h(468) : 参见“_itoa”的声明
     1>fileClient.cpp(58): warning C4996: '_itoa': This function or variable may be unsafe. Consider using _itoa_s instead. To disable deprecation, use _CRT_SECURE_NO_WARNINGS. See online help for details.
                 D:\Program Files (x86)\vscode2012\VC\include\stdlib.h(468) : 参见“_itoa”的声明
       Link:
         D:\Program Files (x86)\vscode2012\VC\bin\x86_amd64\link.exe /ERRORREPORT:PROMPT /OUT:"D:\2019200835Z1004_zhangzhixin\作业2\MultiServerFile\x64\Debug\fileClient.exe" /INCREMENTAL /NOLOGO kernel32.lib user32.lib gdi32.lib winspool.lib comdlg32.lib advapi32.lib shell32.lib ole32.lib oleaut32.lib uuid.lib odbc32.lib odbccp32.lib /MANIFEST /MANIFESTUAC:"level='asInvoker' uiAccess='false'" /manifest:embed /DEBUG /PDB:"D:\2019200835Z1004_zhangzhixin\作业2\MultiServerFile\x64\Debug\fileClient.pdb" /SUBSYSTEM:CONSOLE /TLBID:1 /DYNAMICBASE /NXCOMPAT /IMPLIB:"D:\2019200835Z1004_zhangzhixin\作业2\MultiServerFile\x64\Debug\fileClient.lib" /MACHINE:X64 x64\Debug\fileClient.obj
         fileClient.vcxproj -> D:\2019200835Z1004_zhangzhixin\作业2\MultiServerFile\x64\Debug\fileClient.exe
     1>已完成生成项目“D:\2019200835Z1004_zhangzhixin\作业2\MultiServerFile\fileClient\fileClient.vcxproj”(Build 个目标)的操作。

生成成功。

已用时间 00:00:06.36
