C:\USERS\LENOVO\DESKTOP\ECHO\ECHOCLIENT\FILESERVER\DEBUG\CBLOCKINGSOCKET.OBJ
C:\USERS\LENOVO\DESKTOP\ECHO\ECHOCLIENT\FILESERVER\DEBUG\FILESERVER.OBJ
C:\USERS\LENOVO\DESKTOP\ECHO\ECHOCLIENT\FILESERVER\DEBUG\VC110.PDB
C:\USERS\LENOVO\DESKTOP\ECHO\ECHOCLIENT\DEBUG\FILESERVER.ILK
C:\USERS\LENOVO\DESKTOP\ECHO\ECHOCLIENT\DEBUG\FILESERVER.EXE
C:\USERS\LENOVO\DESKTOP\ECHO\ECHOCLIENT\DEBUG\FILESERVER.PDB
C:\Users\lenovo\Desktop\echo\EchoClient\FileServer\Debug\CblockingSocket.obj
C:\Users\lenovo\Desktop\echo\EchoClient\FileServer\Debug\fileserver.obj
C:\Users\lenovo\Desktop\echo\EchoClient\FileServer\Debug\cl.command.1.tlog
C:\Users\lenovo\Desktop\echo\EchoClient\FileServer\Debug\CL.read.1.tlog
C:\Users\lenovo\Desktop\echo\EchoClient\FileServer\Debug\CL.write.1.tlog
C:\Users\lenovo\Desktop\echo\EchoClient\FileServer\Debug\link-cvtres.read.1.tlog
C:\Users\lenovo\Desktop\echo\EchoClient\FileServer\Debug\link-cvtres.write.1.tlog
C:\Users\lenovo\Desktop\echo\EchoClient\FileServer\Debug\link-rc.read.1.tlog
C:\Users\lenovo\Desktop\echo\EchoClient\FileServer\Debug\link-rc.write.1.tlog
C:\Users\lenovo\Desktop\echo\EchoClient\FileServer\Debug\link.command.1.tlog
C:\Users\lenovo\Desktop\echo\EchoClient\FileServer\Debug\link.read.1.tlog
C:\Users\lenovo\Desktop\echo\EchoClient\FileServer\Debug\link.write.1.tlog
C:\Users\lenovo\Desktop\echo\EchoClient\FileServer\Debug\vc110.idb
C:\Users\lenovo\Desktop\echo\EchoClient\FileServer\Debug\vc110.pdb
C:\Users\lenovo\Desktop\echo\EchoClient\Debug\FileServer.pdb
C:\Users\lenovo\Desktop\echo\EchoClient\Debug\FileServer.exe
C:\Users\lenovo\Desktop\echo\EchoClient\Debug\FileServer.ilk
